$ ./neo4j_health -m all -p 10 -i D

###################################################################

Summarizing Stats:  object


startdate : 2019-02-10 22:03:01
enddate   : 2019-02-20 22:03:01


date                                    2019-02-10  2019-02-11  2019-02-12  2019-02-13  2019-02-14  2019-02-15  2019-02-16  2019-02-17  2019-02-18  2019-02-19  2019-02-20
neo4j.ids_in_use.node_Avg                   693839      693930      695714      698296      698144      698309      699616      699987      700438      701227      708875
neo4j.ids_in_use.node_Max                   693839      694263      698618      698747      698613      698938      700296      700266      700781      703552      711032
neo4j.ids_in_use.property_Avg              7652801     7661578     7707044     7747278     7760402     7787336     7813849     7834945     7857265     7882779     7995458
neo4j.ids_in_use.property_Max              7652857     7678375     7746214     7753818     7777753     7823161     7827004     7849670     7868034     7931628     8021523
neo4j.ids_in_use.relationship_Avg           903201      903746      905297      908588      909013      909221      910061      909722      909824      910657      912284
neo4j.ids_in_use.relationship_Max           903201      904168      908508      908942      909428      910004      910392      910017      910153      911462      912940
neo4j.ids_in_use.relationship_type_Avg          55          55          55          55          55          55          55          55          55          55          55
neo4j.ids_in_use.relationship_type_Max          55          55          55          55          55          55          55          55          55          55          55



###################################################################

Summarizing Stats:  transaction


startdate : 2019-02-10 22:02:52
enddate   : 2019-02-20 22:02:52


date                        2019-02-10  2019-02-11  2019-02-12  2019-02-13  2019-02-14  2019-02-15  2019-02-16  2019-02-17  2019-02-18  2019-02-19  2019-02-20
tx.peak_concurrent_Avg             239         239         239         239         239         239         239         239         239         239         239
tx.peak_concurrent_Max             239         239         239         239         239         239         239         239         239         239         239
tx.started-ps_Avg                  471         454         441         452         462         469         466         464         463         468         465
tx.started-ps_Max                 1190        1269        1213        1297        1430        1337        1378        1290        1407        1508        1513
tx.active_Avg                        4           9          11           8           8           6           8           8           8           8           9
tx.active_Max                       61         224         248         220         268         224         263         264         219         230         226
tx.active_read_Avg                   4           5           5           5           5           5           5           5           4           5           5
tx.active_read_Max                  61         167         198         175         182         157         198         177         165         197         171
tx.active_write_Avg                  0           5           6           4           4           2           4           4           4           3           4
tx.active_write_Max                  0         205         226         219         207         191         237         200         219         202         193
tx.committed-ps_Avg                471         374         333         392         393         441         409         397         397         420         397
tx.committed-ps_Max               1189        1270        1210        1298        1429        1334        1378        1292        1408        1506        1509
tx.committed_read-ps_Avg           471         301         234         337         331         416         356         335         336         375         334
tx.committed_read-ps_Max          1189        1270        1210        1297        1429        1334        1378        1292        1408        1506        1504
tx.committed_write-ps_Avg            0          74         100          56          63          26          53          63          61          45          64
tx.committed_write-ps_Max            0         436         462         438         415         445         429         426         429         538         405
tx.rollbacks-ps_Avg                  0          81         108          61          69          29          58          68          66          49          69
tx.rollbacks-ps_Max                  0         551         381         365         455         357         328         357         329         446         387
tx.rollbacks_read-ps_Avg             0          81         108          61          69          29          58          68          66          49          69
tx.rollbacks_read-ps_Max             0         551         381         365         455         357         328         357         329         446         387
tx.rollbacks_write-ps_Avg            0           0           1           0           1           0           0           1           0           0           0
tx.rollbacks_write-ps_Max            0           0           1           0           1           0           0           1           0           0           0
tx.terminated-ps_Avg                 0           1           1           1           1           1           1           1           1           1           1
tx.terminated-ps_Max                 0         392         210         314         314         209          92         253         166         308         295
tx.terminated_read-ps_Avg            0           1           1           1           1           1           1           1           1           1           1
tx.terminated_read-ps_Max            0         392         210         314         314         209          92         253         166         308         295
tx.terminated_write-ps_Avg           0           0           1           0           1           0           0           1           0           0           0
tx.terminated_write-ps_Max           0           0           1           0           1           0           0           1           0           0           0



###################################################################

Summarizing Stats:  bolt


startdate : 2019-02-10 22:03:55
enddate   : 2019-02-20 22:03:55


date                                 2019-02-10  2019-02-11  2019-02-12  2019-02-13  2019-02-14  2019-02-15  2019-02-16  2019-02-17  2019-02-18  2019-02-19  2019-02-20
blt.accumulated_processing_time_Avg           1           1           1           1           1           1           1           1           1           1           1
blt.accumulated_processing_time_Max           1           1           1           1           1           1           1           1           1           1           1
blt.accumulated_queue_time_Avg                1           1           1           1           1           1           1           1           1           1           1
blt.accumulated_queue_time_Max                1           1           1           1           1           1           1           1           1           1           1
blt.messages_received-ps_Avg               3298        3750        3860        3595        3718        3479        3665        3726        3703        3611        3740
blt.messages_received-ps_Max               8327        8887       19931        9084       10002        9338        9646        9040        9851       10541       10582
blt.messages_started-ps_Avg                3298        3750        3860        3595        3718        3479        3665        3726        3703        3611        3740
blt.messages_started-ps_Max                8326        8887       15206        9085       10001        9334        9645        9040        9850       10537       10585
blt.sessions_started-ps_Avg                   1           1           1           1           1           1           1           1           1           1           1
blt.sessions_started-ps_Max                   5          28          39          36          24          24          22          21          23          23          34



###################################################################

Summarizing Stats:  page_cache


startdate : 2019-02-10 22:01:40
enddate   : 2019-02-20 22:01:40


date                            2019-02-10  2019-02-11  2019-02-12  2019-02-13  2019-02-14  2019-02-15  2019-02-16  2019-02-17  2019-02-18  2019-02-19  2019-02-20
pgc.hit_ratio_Avg                        1           1           1           1           1           1           1           1           1           1           1
pgc.hit_ratio_Max                        1           1           1           1           1           1           1           1           1           1           1
pgc.page_faults-ps_Avg                   1           1           1           1           1           1           1           1           1           1           1
pgc.page_faults-ps_Max                   3           4           7           3           3           5           5           3           8          28          23
pgc.hits-ps_Avg                     187881      128575       98087      153108       55686        3969        5279        5725        5661       14199        5849
pgc.hits-ps_Max                     930287     1621958     1165857     1401059     1168451       33359       35325       34959       35652     1169800       30833
pgc.flushes-ps_Avg                      21          20          20          21          21          21          21          21          22          21          23
pgc.flushes-ps_Max                     264         274         273         272         273         268         272         271         265         278         278
pgc.eviction_exceptions-ps_Avg           0           0           0           0           0           0           0           0           0           0           0
pgc.eviction_exceptions-ps_Max           0           0           0           0           0           0           0           0           0           0           0
pgc.evictions-ps_Avg                     0           0           0           0           0           0           0           0           0           0           0
pgc.evictions-ps_Max                     0           0           0           0           0           0           0           0           0           0           0
pgc.pins-ps_Avg                     187881      128575       98087      153108       55686        3969        5279        5725        5661       14199        5849
pgc.pins-ps_Max                     930287     1621958     1165857     1401059     1168451       33359       35325       34959       35652     1169800       30833
pgc.unpins-ps_Avg                   187881      128575       98087      153108       55686        3969        5279        5725        5661       14199        5849
pgc.unpins-ps_Max                   930287     1621958     1165857     1401059     1168451       33359       35325       34959       35652     1169800       30833



###################################################################

Summarizing Stats:  cypher


startdate : 2019-02-10 22:03:10
enddate   : 2019-02-20 22:03:10


date                      2019-02-10  2019-02-11  2019-02-12  2019-02-13  2019-02-14  2019-02-15  2019-02-16  2019-02-17  2019-02-18  2019-02-19  2019-02-20
cyp.replan_events-ps_Avg           0           1           1           0           1           1           1           1           1           1           1
cyp.replan_events-ps_Max           0           1           2           0           1           1           1           1           1           5           2
cyp.replan_wait_time_Avg           0           1           1           0           1           1           1           1           1           1           1
cyp.replan_wait_time_Max           0           1           1           0           1           1           1           1           1           1           1



###################################################################

Summarizing Stats:  check_point


startdate : 2019-02-10 22:06:46
enddate   : 2019-02-20 22:06:46


date                2019-02-10  2019-02-11  2019-02-12  2019-02-13  2019-02-14  2019-02-15  2019-02-16  2019-02-17  2019-02-18  2019-02-19  2019-02-20
ckp.events-ps_Avg            1           1           1           1           1           1           1           1           1           1           1
ckp.events-ps_Max            1           1           1           1           1           1           1           1           1           1           1
ckp.total_time_Avg           1           1           1           1           1           1           1           1           1           1           1
ckp.total_time_Max           1           1           1           1           1           1           1           1           1           1           1



###################################################################

Summarizing Stats:  network  (Collected for HA clusters only)


startdate : 2019-02-10 22:04:55
enddate   : 2019-02-20 22:04:55


date                                 2019-02-10  2019-02-11  2019-02-12  2019-02-13  2019-02-14  2019-02-15  2019-02-16  2019-02-17  2019-02-18  2019-02-19  2019-02-20
net.master_network_store_writes_Avg           0           0           0           0           0           0           0           0           0           0           0
net.master_network_store_writes_Max           0           0           0           0           0           0           0           0           0           0           0
net.master_network_tx_writes_Avg              0           0           0           0           0           0           0           0           0           0           0
net.master_network_tx_writes_Max              0           0           0           0           0           0           0           0           0           0           0
net.slave_network_tx_writes_Avg               0           0           0           0           0           0           0           0           0           0           0
net.slave_network_tx_writes_Max               0           0           0           0           0           0           0           0           0           0           0



###################################################################

Summarizing Stats:  server


startdate : 2019-02-10 22:05:01
enddate   : 2019-02-20 22:05:01


date                        2019-02-10  2019-02-11  2019-02-12  2019-02-13  2019-02-14  2019-02-15  2019-02-16  2019-02-17  2019-02-18  2019-02-19  2019-02-20
srv.threads.jetty.all_Avg           21          21          21          21          21          21          21          21          21          21          21
srv.threads.jetty.all_Max           21          21          21          21          21          21          21          21          21          21          21
srv.threads.jetty.idle_Avg           7           7           7           7           7           7           7           7           7           7           7
srv.threads.jetty.idle_Max           7           7           7           7           7           7           7           7           7           7           7



###################################################################

Summarizing Stats:  jvm_gc


startdate : 2019-02-10 22:03:31
enddate   : 2019-02-20 22:03:31


date                                    2019-02-10  2019-02-11  2019-02-12  2019-02-13  2019-02-14  2019-02-15  2019-02-16  2019-02-17  2019-02-18  2019-02-19  2019-02-20
vm.gc.count.g1_old_generation_Avg                0           0           0           0           0           0           0           0           0           0           0
vm.gc.count.g1_old_generation_Max                0           0           0           0           0           0           0           0           0           0           0
vm.gc.count.g1_young_generation-ps_Avg           1           1           1           1           1           1           1           1           1           1           1
vm.gc.count.g1_young_generation-ps_Max           3           6           6           6           6           5           6           6           6           5           5
vm.gc.time.g1_old_generation_Avg                 0           0           0           0           0           0           0           0           0           0           0
vm.gc.time.g1_old_generation_Max                 0           0           0           0           0           0           0           0           0           0           0
vm.gc.time.g1_young_generation_Avg               0           1           0           1           0           0           0           0           0           0           1
vm.gc.time.g1_young_generation_Max              94         151         150         155         173         140         141         149         145         148         151
Total_GC_pause_time-ms_Avg                       0           1           0           1           0           0           0           0           0           0           1
Total_GC_pause_time-ms_Max                      94         151         150         155         173         140         141         149         145         148         151



###################################################################

Summarizing Stats:  jvm_memory


startdate : 2019-02-10 22:02:49
enddate   : 2019-02-20 22:02:49


date                                          2019-02-10  2019-02-11  2019-02-12  2019-02-13  2019-02-14  2019-02-15  2019-02-16  2019-02-17  2019-02-18  2019-02-19  2019-02-20
vm.memory.buffer.direct.capacity-mb_Avg                3           3           3           3           3           3           3           3           3           3           3
vm.memory.buffer.direct.capacity-mb_Max                3           3           3           3           3           3           3           3           3           3           3
vm.memory.buffer.direct.count_Avg                      1           1           1           1           1           1           1           1           1           1           1
vm.memory.buffer.direct.count_Max                      1           1           1           1           1           1           1           1           1           1           1
vm.memory.buffer.direct.used-mb_Avg                    3           3           3           3           3           3           3           3           3           3           3
vm.memory.buffer.direct.used-mb_Max                    3           3           3           3           3           3           3           3           3           3           3
vm.memory.buffer.mapped.capacity-mb_Avg               25          25          25          24          24          25          25          25          25          24          25
vm.memory.buffer.mapped.capacity-mb_Max               25          25          25          25          25          25          25          25          25          25          26
vm.memory.buffer.mapped.count_Avg                      1           1           1           1           1           1           1           1           1           1           1
vm.memory.buffer.mapped.count_Max                      1           1           1           1           1           1           1           1           1           1           1
vm.memory.buffer.mapped.used-mb_Avg                   25          25          25          24          24          25          25          25          25          24          25
vm.memory.buffer.mapped.used-mb_Max                   25          25          25          25          25          25          25          25          25          25          26
vm.memory.pool.code_cache-mb_Avg                      66          66          65          65          65          66          66          67          67          66          67
vm.memory.pool.code_cache-mb_Max                      67          68          66          67          67          68          69          69          68          69          69
vm.memory.pool.compressed_class_space-mb_Avg          15          15          15          15          15          15          15          15          15          15          15
vm.memory.pool.compressed_class_space-mb_Max          15          15          15          15          15          15          15          15          15          15          15
vm.memory.pool.g1_eden_space-mb_Avg                 1087        1133        1134        1137        1143        1126        1129        1112        1118        1126        1125
vm.memory.pool.g1_eden_space-mb_Max                 2408        2434        2434        2434        2434        2434        2432        2432        2432        2430        2432
vm.memory.pool.g1_old_gen-mb_Avg                    1370        1220        1241        1208        1238        1230        1259        1284        1251        1239        1255
vm.memory.pool.g1_old_gen-mb_Max                    1839        1840        1840        1840        1840        1840        1839        1841        1840        1842        1840
vm.memory.pool.g1_survivor_space-mb_Avg               37          32          31          34          33          36          34          33          34          35          34
vm.memory.pool.g1_survivor_space-mb_Max               60          78          82          78          64          64          66          66          60          74          74
vm.memory.pool.metaspace-mb_Avg                      100         100         100         100         100         100         100         100         100         100         101
vm.memory.pool.metaspace-mb_Max                      100         101         101         101         101         101         101         101         100         101         101
heap_size-mb_Avg                                    2635        2532        2551        2523        2559        2534        2566        2576        2548        2545        2561
heap_size-mb_Max                                    3798        3823        3820        3815        3823        3823        3825        3817        3828        3827        3823



###################################################################

Summarizing Stats:  jvm_thread


startdate : 2019-02-10 22:08:25
enddate   : 2019-02-20 22:08:25


date                 2019-02-10  2019-02-11  2019-02-12  2019-02-13  2019-02-14  2019-02-15  2019-02-16  2019-02-17  2019-02-18  2019-02-19  2019-02-20
vm.thread.count_Avg         346         457         466         448         455         399         436         433         436         427         464
vm.thread.count_Max         369         543         543         535         551         525         541         534         523         553         546
vm.thread.total_Avg         350         461         470         452         459         403         440         437         440         431         468
vm.thread.total_Max         373         547         547         539         555         529         545         538         527         557         550



###################################################################

Summarizing Stats:  log_rotation


startdate : 2019-02-10 22:07:34
enddate   : 2019-02-20 22:07:34


date                2019-02-10  2019-02-11  2019-02-12  2019-02-13  2019-02-14  2019-02-15  2019-02-16  2019-02-17  2019-02-18  2019-02-19  2019-02-20
log.events_Avg               0           0           0           0           0           0           0           0           0           0           0
log.events_Max               0           0           0           0           0           0           0           0           0           0           0
log.total_time_Avg           0           0           0           0           0           0           0           0           0           0           0
log.total_time_Max           0           0           0           0           0           0           0           0           0           0           0

